# JRE version: OpenJDK Runtime Environment (15.0.1+9) (build 15.0.1+9-18)
# Java VM: OpenJDK 64-Bit Server VM (15.0.1+9-18, mixed mode, sharing, tiered, compressed oops, g1 gc, linux-amd64)
GC Precious Log:
 CPUs: 4 total, 4 available
 Memory: 7858M
 Large Page Support: Disabled
 NUMA Support: Disabled
 Compressed Oops: Enabled (32-bit)
 Heap Region Size: 1M
 Heap Min Capacity: 8M
 Heap Initial Capacity: 124M
 Heap Max Capacity: 1966M
 Pre-touch: Disabled
 Parallel Workers: 4
 Concurrent Workers: 1
 Concurrent Refinement Workers: 4
 Periodic GC: Disabled
Heap:
 garbage-first heap   total 129024K, used 35587K [0x0000000085200000, 0x0000000100000000)
  region size 1024K, 29 young (29696K), 2 survivors (2048K)
 Metaspace       used 9980K, capacity 10310K, committed 10624K, reserved 1058816K
  class space    used 1303K, capacity 1390K, committed 1408K, reserved 1048576K
GC Heap History (6 events):
Event: 5,180 GC heap before
{Heap before GC invocations=0 (full 0):
 garbage-first heap   total 129024K, used 14136K [0x0000000085200000, 0x0000000100000000)
  region size 1024K, 13 young (13312K), 0 survivors (0K)
 Metaspace       used 4965K, capacity 5154K, committed 5376K, reserved 1056768K
  class space    used 615K, capacity 648K, committed 768K, reserved 1048576K
}
Event: 5,185 GC heap after
{Heap after GC invocations=1 (full 0):
 garbage-first heap   total 129024K, used 8106K [0x0000000085200000, 0x0000000100000000)
  region size 1024K, 2 young (2048K), 2 survivors (2048K)
 Metaspace       used 4965K, capacity 5154K, committed 5376K, reserved 1056768K
  class space    used 615K, capacity 648K, committed 768K, reserved 1048576K
}
Event: 6,714 GC heap before
{Heap before GC invocations=1 (full 0):
 garbage-first heap   total 129024K, used 16298K [0x0000000085200000, 0x0000000100000000)
  region size 1024K, 10 young (10240K), 2 survivors (2048K)
 Metaspace       used 7282K, capacity 7546K, committed 7680K, reserved 1056768K
  class space    used 906K, capacity 1004K, committed 1024K, reserved 1048576K
}
Event: 6,723 GC heap after
{Heap after GC invocations=2 (full 0):
 garbage-first heap   total 129024K, used 9643K [0x0000000085200000, 0x0000000100000000)
  region size 1024K, 2 young (2048K), 2 survivors (2048K)
 Metaspace       used 7282K, capacity 7546K, committed 7680K, reserved 1056768K
  class space    used 906K, capacity 1004K, committed 1024K, reserved 1048576K
}
Event: 6,889 GC heap before
{Heap before GC invocations=2 (full 0):
 garbage-first heap   total 129024K, used 36267K [0x0000000085200000, 0x0000000100000000)
  region size 1024K, 29 young (29696K), 2 survivors (2048K)
 Metaspace       used 7988K, capacity 8268K, committed 8576K, reserved 1056768K
  class space    used 998K, capacity 1074K, committed 1152K, reserved 1048576K
}
Event: 6,891 GC heap after
{Heap after GC invocations=3 (full 0):
 garbage-first heap   total 129024K, used 9987K [0x0000000085200000, 0x0000000100000000)
  region size 1024K, 2 young (2048K), 2 survivors (2048K)
 Metaspace       used 7988K, capacity 8268K, committed 8576K, reserved 1056768K
  class space    used 998K, capacity 1074K, committed 1152K, reserved 1048576K
}

