# JRE version: OpenJDK Runtime Environment (15.0.1+9) (build 15.0.1+9-18)
# Java VM: OpenJDK 64-Bit Server VM (15.0.1+9-18, mixed mode, sharing, tiered, compressed oops, g1 gc, linux-amd64)
GC Precious Log:
 CPUs: 4 total, 4 available
 Memory: 7858M
 Large Page Support: Disabled
 NUMA Support: Disabled
 Compressed Oops: Enabled (32-bit)
 Heap Region Size: 1M
 Heap Min Capacity: 8M
 Heap Initial Capacity: 124M
 Heap Max Capacity: 1966M
 Pre-touch: Disabled
 Parallel Workers: 4
 Concurrent Workers: 1
 Concurrent Refinement Workers: 4
 Periodic GC: Disabled
Heap:
 garbage-first heap   total 105472K, used 79120K [0x0000000085200000, 0x0000000100000000)
  region size 1024K, 33 young (33792K), 5 survivors (5120K)
 Metaspace       used 65382K, capacity 66193K, committed 67152K, reserved 1107968K
  class space    used 8717K, capacity 8970K, committed 9044K, reserved 1048576K
GC Heap History (20 events):
Event: 3,938 GC heap after
{Heap after GC invocations=16 (full 0):
 garbage-first heap   total 105472K, used 34011K [0x0000000085200000, 0x0000000100000000)
  region size 1024K, 5 young (5120K), 5 survivors (5120K)
 Metaspace       used 48288K, capacity 48828K, committed 49616K, reserved 1091584K
  class space    used 6419K, capacity 6601K, committed 6612K, reserved 1048576K
}
Event: 4,176 GC heap before
{Heap before GC invocations=16 (full 0):
 garbage-first heap   total 105472K, used 79067K [0x0000000085200000, 0x0000000100000000)
  region size 1024K, 47 young (48128K), 5 survivors (5120K)
 Metaspace       used 52691K, capacity 53251K, committed 54096K, reserved 1095680K
  class space    used 7037K, capacity 7219K, committed 7252K, reserved 1048576K
}
Event: 4,189 GC heap after
{Heap after GC invocations=17 (full 0):
 garbage-first heap   total 105472K, used 40169K [0x0000000085200000, 0x0000000100000000)
  region size 1024K, 6 young (6144K), 6 survivors (6144K)
 Metaspace       used 52691K, capacity 53251K, committed 54096K, reserved 1095680K
  class space    used 7037K, capacity 7219K, committed 7252K, reserved 1048576K
}
Event: 4,557 GC heap before
{Heap before GC invocations=17 (full 0):
 garbage-first heap   total 105472K, used 76009K [0x0000000085200000, 0x0000000100000000)
  region size 1024K, 42 young (43008K), 6 survivors (6144K)
 Metaspace       used 57461K, capacity 58072K, committed 59088K, reserved 1099776K
  class space    used 7665K, capacity 7856K, committed 7892K, reserved 1048576K
}
Event: 4,572 GC heap after
{Heap after GC invocations=18 (full 0):
 garbage-first heap   total 105472K, used 43667K [0x0000000085200000, 0x0000000100000000)
  region size 1024K, 4 young (4096K), 4 survivors (4096K)
 Metaspace       used 57461K, capacity 58072K, committed 59088K, reserved 1099776K
  class space    used 7665K, capacity 7856K, committed 7892K, reserved 1048576K
}
Event: 22,323 GC heap before
{Heap before GC invocations=18 (full 0):
 garbage-first heap   total 105472K, used 78483K [0x0000000085200000, 0x0000000100000000)
  region size 1024K, 38 young (38912K), 4 survivors (4096K)
 Metaspace       used 60763K, capacity 61412K, committed 62672K, reserved 1103872K
  class space    used 8115K, capacity 8307K, committed 8404K, reserved 1048576K
}
Event: 22,331 GC heap after
{Heap after GC invocations=19 (full 0):
 garbage-first heap   total 105472K, used 45471K [0x0000000085200000, 0x0000000100000000)
  region size 1024K, 2 young (2048K), 2 survivors (2048K)
 Metaspace       used 60763K, capacity 61412K, committed 62672K, reserved 1103872K
  class space    used 8115K, capacity 8307K, committed 8404K, reserved 1048576K
}
Event: 22,887 GC heap before
{Heap before GC invocations=19 (full 0):
 garbage-first heap   total 105472K, used 80287K [0x0000000085200000, 0x0000000100000000)
  region size 1024K, 37 young (37888K), 2 survivors (2048K)
 Metaspace       used 63955K, capacity 64693K, committed 65744K, reserved 1105920K
  class space    used 8540K, capacity 8804K, committed 8916K, reserved 1048576K
}
Event: 22,902 GC heap after
{Heap after GC invocations=20 (full 0):
 garbage-first heap   total 105472K, used 50694K [0x0000000085200000, 0x0000000100000000)
  region size 1024K, 5 young (5120K), 5 survivors (5120K)
 Metaspace       used 63955K, capacity 64693K, committed 65744K, reserved 1105920K
  class space    used 8540K, capacity 8804K, committed 8916K, reserved 1048576K
}
Event: 126,475 GC heap before
{Heap before GC invocations=20 (full 0):
 garbage-first heap   total 105472K, used 60934K [0x0000000085200000, 0x0000000100000000)
  region size 1024K, 17 young (17408K), 5 survivors (5120K)
 Metaspace       used 64957K, capacity 65709K, committed 66768K, reserved 1107968K
  class space    used 8674K, capacity 8906K, committed 8916K, reserved 1048576K
}
Event: 126,538 GC heap after
{Heap after GC invocations=21 (full 1):
 garbage-first heap   total 105472K, used 31285K [0x0000000085200000, 0x0000000100000000)
  region size 1024K, 0 young (0K), 0 survivors (0K)
 Metaspace       used 64957K, capacity 65709K, committed 66768K, reserved 1107968K
  class space    used 8674K, capacity 8906K, committed 8916K, reserved 1048576K
}
Event: 126,800 GC heap before
{Heap before GC invocations=21 (full 1):
 garbage-first heap   total 105472K, used 75317K [0x0000000085200000, 0x0000000100000000)
  region size 1024K, 44 young (45056K), 0 survivors (0K)
 Metaspace       used 65089K, capacity 65908K, committed 66896K, reserved 1107968K
  class space    used 8691K, capacity 8951K, committed 9044K, reserved 1048576K
}
Event: 126,804 GC heap after
{Heap after GC invocations=22 (full 1):
 garbage-first heap   total 105472K, used 33766K [0x0000000085200000, 0x0000000100000000)
  region size 1024K, 3 young (3072K), 3 survivors (3072K)
 Metaspace       used 65089K, capacity 65908K, committed 66896K, reserved 1107968K
  class space    used 8691K, capacity 8951K, committed 9044K, reserved 1048576K
}
Event: 126,976 GC heap before
{Heap before GC invocations=22 (full 1):
 garbage-first heap   total 105472K, used 76774K [0x0000000085200000, 0x0000000100000000)
  region size 1024K, 46 young (47104K), 3 survivors (3072K)
 Metaspace       used 65303K, capacity 66121K, committed 67152K, reserved 1107968K
  class space    used 8706K, capacity 8956K, committed 9044K, reserved 1048576K
}
Event: 126,980 GC heap after
{Heap after GC invocations=23 (full 1):
 garbage-first heap   total 105472K, used 35161K [0x0000000085200000, 0x0000000100000000)
  region size 1024K, 4 young (4096K), 4 survivors (4096K)
 Metaspace       used 65303K, capacity 66121K, committed 67152K, reserved 1107968K
  class space    used 8706K, capacity 8956K, committed 9044K, reserved 1048576K
}
Event: 127,091 GC heap before
{Heap before GC invocations=23 (full 1):
 garbage-first heap   total 105472K, used 80217K [0x0000000085200000, 0x0000000100000000)
  region size 1024K, 48 young (49152K), 4 survivors (4096K)
 Metaspace       used 65338K, capacity 66127K, committed 67152K, reserved 1107968K
  class space    used 8710K, capacity 8958K, committed 9044K, reserved 1048576K
}
Event: 127,106 GC heap after
{Heap after GC invocations=24 (full 1):
 garbage-first heap   total 105472K, used 44065K [0x0000000085200000, 0x0000000100000000)
  region size 1024K, 6 young (6144K), 6 survivors (6144K)
 Metaspace       used 65338K, capacity 66127K, committed 67152K, reserved 1107968K
  class space    used 8710K, capacity 8958K, committed 9044K, reserved 1048576K
}
Event: 127,173 GC heap before
{Heap before GC invocations=24 (full 1):
 garbage-first heap   total 105472K, used 77857K [0x0000000085200000, 0x0000000100000000)
  region size 1024K, 39 young (39936K), 6 survivors (6144K)
 Metaspace       used 65382K, capacity 66193K, committed 67152K, reserved 1107968K
  class space    used 8717K, capacity 8970K, committed 9044K, reserved 1048576K
}
Event: 127,182 GC heap after
{Heap after GC invocations=25 (full 1):
 garbage-first heap   total 105472K, used 50448K [0x0000000085200000, 0x0000000100000000)
  region size 1024K, 5 young (5120K), 5 survivors (5120K)
 Metaspace       used 65382K, capacity 66193K, committed 67152K, reserved 1107968K
  class space    used 8717K, capacity 8970K, committed 9044K, reserved 1048576K
}
Event: 127,212 GC heap before
{Heap before GC invocations=25 (full 1):
 garbage-first heap   total 105472K, used 78096K [0x0000000085200000, 0x0000000100000000)
  region size 1024K, 33 young (33792K), 5 survivors (5120K)
 Metaspace       used 65382K, capacity 66193K, committed 67152K, reserved 1107968K
  class space    used 8717K, capacity 8970K, committed 9044K, reserved 1048576K
}

