# JRE version: OpenJDK Runtime Environment (15.0.1+9) (build 15.0.1+9-18)
# Java VM: OpenJDK 64-Bit Server VM (15.0.1+9-18, mixed mode, sharing, tiered, compressed oops, g1 gc, linux-amd64)
GC Precious Log:
 CPUs: 4 total, 4 available
 Memory: 7858M
 Large Page Support: Disabled
 NUMA Support: Disabled
 Compressed Oops: Enabled (32-bit)
 Heap Region Size: 1M
 Heap Min Capacity: 8M
 Heap Initial Capacity: 124M
 Heap Max Capacity: 1966M
 Pre-touch: Disabled
 Parallel Workers: 4
 Concurrent Workers: 1
 Concurrent Refinement Workers: 4
 Periodic GC: Disabled
Heap:
 garbage-first heap   total 186368K, used 58553K [0x0000000085200000, 0x0000000100000000)
  region size 1024K, 17 young (17408K), 7 survivors (7168K)
 Metaspace       used 88091K, capacity 90588K, committed 90832K, reserved 1128448K
  class space    used 10875K, capacity 11638K, committed 11732K, reserved 1048576K
GC Heap History (20 events):
Event: 2078,560 GC heap before
{Heap before GC invocations=169 (full 17):
 garbage-first heap   total 186368K, used 58701K [0x0000000085200000, 0x0000000100000000)
  region size 1024K, 20 young (20480K), 7 survivors (7168K)
 Metaspace       used 86431K, capacity 88873K, committed 89168K, reserved 1126400K
  class space    used 10748K, capacity 11494K, committed 11604K, reserved 1048576K
}
Event: 2078,648 GC heap after
{Heap after GC invocations=170 (full 18):
 garbage-first heap   total 143360K, used 40349K [0x0000000085200000, 0x0000000100000000)
  region size 1024K, 0 young (0K), 0 survivors (0K)
 Metaspace       used 86428K, capacity 88867K, committed 89168K, reserved 1126400K
  class space    used 10747K, capacity 11492K, committed 11604K, reserved 1048576K
}
Event: 2078,837 GC heap before
{Heap before GC invocations=170 (full 18):
 garbage-first heap   total 143360K, used 115101K [0x0000000085200000, 0x0000000100000000)
  region size 1024K, 74 young (75776K), 0 survivors (0K)
 Metaspace       used 86614K, capacity 89115K, committed 89424K, reserved 1126400K
  class space    used 10771K, capacity 11532K, committed 11604K, reserved 1048576K
}
Event: 2078,840 GC heap after
{Heap after GC invocations=171 (full 18):
 garbage-first heap   total 143360K, used 43421K [0x0000000085200000, 0x0000000100000000)
  region size 1024K, 3 young (3072K), 3 survivors (3072K)
 Metaspace       used 86614K, capacity 89115K, committed 89424K, reserved 1126400K
  class space    used 10771K, capacity 11532K, committed 11604K, reserved 1048576K
}
Event: 2079,234 GC heap before
{Heap before GC invocations=172 (full 18):
 garbage-first heap   total 143360K, used 88477K [0x0000000085200000, 0x0000000100000000)
  region size 1024K, 49 young (50176K), 3 survivors (3072K)
 Metaspace       used 86927K, capacity 89391K, committed 89808K, reserved 1128448K
  class space    used 10791K, capacity 11562K, committed 11732K, reserved 1048576K
}
Event: 2079,243 GC heap after
{Heap after GC invocations=173 (full 18):
 garbage-first heap   total 143360K, used 46127K [0x0000000085200000, 0x0000000100000000)
  region size 1024K, 6 young (6144K), 6 survivors (6144K)
 Metaspace       used 86927K, capacity 89391K, committed 89808K, reserved 1128448K
  class space    used 10791K, capacity 11562K, committed 11732K, reserved 1048576K
}
Event: 2079,452 GC heap before
{Heap before GC invocations=173 (full 18):
 garbage-first heap   total 171008K, used 116783K [0x0000000085200000, 0x0000000100000000)
  region size 1024K, 74 young (75776K), 6 survivors (6144K)
 Metaspace       used 86927K, capacity 89391K, committed 89808K, reserved 1128448K
  class space    used 10791K, capacity 11562K, committed 11732K, reserved 1048576K
}
Event: 2079,468 GC heap after
{Heap after GC invocations=174 (full 18):
 garbage-first heap   total 171008K, used 50732K [0x0000000085200000, 0x0000000100000000)
  region size 1024K, 8 young (8192K), 8 survivors (8192K)
 Metaspace       used 86927K, capacity 89391K, committed 89808K, reserved 1128448K
  class space    used 10791K, capacity 11562K, committed 11732K, reserved 1048576K
}
Event: 2080,425 GC heap before
{Heap before GC invocations=175 (full 18):
 garbage-first heap   total 171008K, used 135724K [0x0000000085200000, 0x0000000100000000)
  region size 1024K, 92 young (94208K), 8 survivors (8192K)
 Metaspace       used 87247K, capacity 89717K, committed 90064K, reserved 1128448K
  class space    used 10810K, capacity 11563K, committed 11732K, reserved 1048576K
}
Event: 2080,433 GC heap after
{Heap after GC invocations=176 (full 18):
 garbage-first heap   total 171008K, used 49329K [0x0000000085200000, 0x0000000100000000)
  region size 1024K, 4 young (4096K), 4 survivors (4096K)
 Metaspace       used 87247K, capacity 89717K, committed 90064K, reserved 1128448K
  class space    used 10810K, capacity 11563K, committed 11732K, reserved 1048576K
}
Event: 2152,663 GC heap before
{Heap before GC invocations=176 (full 18):
 garbage-first heap   total 171008K, used 66737K [0x0000000085200000, 0x0000000100000000)
  region size 1024K, 23 young (23552K), 4 survivors (4096K)
 Metaspace       used 87255K, capacity 89723K, committed 90064K, reserved 1128448K
  class space    used 10811K, capacity 11565K, committed 11732K, reserved 1048576K
}
Event: 2152,749 GC heap after
{Heap after GC invocations=177 (full 19):
 garbage-first heap   total 143360K, used 40115K [0x0000000085200000, 0x0000000100000000)
  region size 1024K, 0 young (0K), 0 survivors (0K)
 Metaspace       used 87253K, capacity 89717K, committed 90064K, reserved 1128448K
  class space    used 10810K, capacity 11563K, committed 11732K, reserved 1048576K
}
Event: 2152,958 GC heap before
{Heap before GC invocations=177 (full 19):
 garbage-first heap   total 143360K, used 113843K [0x0000000085200000, 0x0000000100000000)
  region size 1024K, 73 young (74752K), 0 survivors (0K)
 Metaspace       used 87438K, capacity 89965K, committed 90320K, reserved 1128448K
  class space    used 10834K, capacity 11603K, committed 11732K, reserved 1048576K
}
Event: 2152,963 GC heap after
{Heap after GC invocations=178 (full 19):
 garbage-first heap   total 143360K, used 42993K [0x0000000085200000, 0x0000000100000000)
  region size 1024K, 3 young (3072K), 3 survivors (3072K)
 Metaspace       used 87438K, capacity 89965K, committed 90320K, reserved 1128448K
  class space    used 10834K, capacity 11603K, committed 11732K, reserved 1048576K
}
Event: 2153,349 GC heap before
{Heap before GC invocations=179 (full 19):
 garbage-first heap   total 143360K, used 90097K [0x0000000085200000, 0x0000000100000000)
  region size 1024K, 51 young (52224K), 3 survivors (3072K)
 Metaspace       used 87763K, capacity 90317K, committed 90576K, reserved 1128448K
  class space    used 10855K, capacity 11635K, committed 11732K, reserved 1048576K
}
Event: 2153,355 GC heap after
{Heap after GC invocations=180 (full 19):
 garbage-first heap   total 143360K, used 45805K [0x0000000085200000, 0x0000000100000000)
  region size 1024K, 6 young (6144K), 6 survivors (6144K)
 Metaspace       used 87763K, capacity 90317K, committed 90576K, reserved 1128448K
  class space    used 10855K, capacity 11635K, committed 11732K, reserved 1048576K
}
Event: 2153,464 GC heap before
{Heap before GC invocations=180 (full 19):
 garbage-first heap   total 186368K, used 115437K [0x0000000085200000, 0x0000000100000000)
  region size 1024K, 73 young (74752K), 6 survivors (6144K)
 Metaspace       used 87763K, capacity 90317K, committed 90576K, reserved 1128448K
  class space    used 10855K, capacity 11635K, committed 11732K, reserved 1048576K
}
Event: 2153,472 GC heap after
{Heap after GC invocations=181 (full 19):
 garbage-first heap   total 186368K, used 49707K [0x0000000085200000, 0x0000000100000000)
  region size 1024K, 8 young (8192K), 8 survivors (8192K)
 Metaspace       used 87763K, capacity 90317K, committed 90576K, reserved 1128448K
  class space    used 10855K, capacity 11635K, committed 11732K, reserved 1048576K
}
Event: 2163,008 GC heap before
{Heap before GC invocations=182 (full 19):
 garbage-first heap   total 186368K, used 148011K [0x0000000085200000, 0x0000000100000000)
  region size 1024K, 105 young (107520K), 8 survivors (8192K)
 Metaspace       used 88085K, capacity 90579K, committed 90832K, reserved 1128448K
  class space    used 10874K, capacity 11636K, committed 11732K, reserved 1048576K
}
Event: 2163,019 GC heap after
{Heap after GC invocations=183 (full 19):
 garbage-first heap   total 186368K, used 49337K [0x0000000085200000, 0x0000000100000000)
  region size 1024K, 7 young (7168K), 7 survivors (7168K)
 Metaspace       used 88085K, capacity 90579K, committed 90832K, reserved 1128448K
  class space    used 10874K, capacity 11636K, committed 11732K, reserved 1048576K
}

